<?xml version="1.0" encoding="UTF-8"?>
<!-- Generated by org.testng.reporters.JUnitReportReporter -->
<testsuite hostname="RahulPersonal" failures="0" tests="1" name="rahulrode.TestClass" time="19.580" errors="0" timestamp="2024-05-07T16:04:35 IST" skipped="0">
  <testcase classname="rahulrode.TestClass" name="demo" time="19.580"/>
</testsuite> <!-- rahulrode.TestClass -->
