<?xml version="1.0" encoding="UTF-8"?>
<!-- Generated by org.testng.reporters.JUnitReportReporter -->
<testsuite hostname="RahulPersonal" failures="0" tests="1" name="rahulrode.TestClass" time="39.906" errors="0" timestamp="2024-05-07T17:09:59 IST" skipped="0">
  <testcase classname="rahulrode.TestClass" name="testAllElements" time="39.906"/>
</testsuite> <!-- rahulrode.TestClass -->
